<?xml version="1.0" encoding="UTF-8"?>
<testsuite xmlns:xsi="http://www.w3.org/2001/XMLSchema-instance" xsi:noNamespaceSchemaLocation="https://maven.apache.org/surefire/maven-surefire-plugin/xsd/surefire-test-report-3.0.xsd" version="3.0" name="com.example.banco.modelo.ContaCorrenteTest" time="0.074" tests="2" errors="0" skipped="0" failures="0">
  <properties>
[...]
</properties>
  <testcase name="testSaque" classname="com.example.banco.modelo.ContaCorrenteTest" time="0.039">
    <system-out><![CDATA[Depósito realizado com sucesso.
Saque realizado com sucesso.
]]></system-out>
  </testcase>
  <testcase name="testDeposito" classname="com.example.banco.modelo.ContaCorrenteTest" time="0.006">
    <system-out><![CDATA[Depósito realizado com sucesso.
]]></system-out>
  </testcase>
</testsuite>